<?xml version="1.0" encoding="UTF-8"?>
<!-- Generated by org.testng.reporters.JUnitReportReporter -->
<testsuite skipped="0" hostname="Tubi-MacBook-C02Q61ADFVH6" name="ActivationCode" tests="4" failures="0" timestamp="18 Apr 2018 21:33:40 GMT" time="116.139" errors="0">
  <testcase name="chrome" time="17.043" classname="ActivationCode"/>
  <testcase name="iOS" time="31.379" classname="ActivationCode"/>
  <testcase name="fireFox" time="21.259" classname="ActivationCode"/>
  <testcase name="android" time="46.458" classname="ActivationCode"/>
</testsuite> <!-- ActivationCode -->
